codeboard-master/app/build/intermediates/manifest_merge_blame_file/debug/manifest-merger-blame-debug-report.txt
1<?xml version="1.0" encoding="utf-8"?>
2<manifest xmlns:android="http://schemas.android.com/apk/res/android"
3    package="com.gazlaws.codeboard"
4    android:versionCode="20"
5    android:versionName="6.0.0" >
6
7    <uses-sdk
8        android:minSdkVersion="23"
8-->src/main/AndroidManifest.xml
9        android:targetSdkVersion="30" />
9-->src/main/AndroidManifest.xml
10
11    <uses-permission android:name="android.permission.VIBRATE" />
11-->src/main/AndroidManifest.xml:4:5-65
11-->src/main/AndroidManifest.xml:4:22-63
12
13    <application
13-->src/main/AndroidManifest.xml:6:5-44:19
14        android:allowBackup="true"
14-->src/main/AndroidManifest.xml:7:9-35
15        android:appComponentFactory="androidx.core.app.CoreComponentFactory"
15-->[androidx.core:core:1.3.1] AndroidManifest.xml:24:18-86
16        android:debuggable="true"
17        android:extractNativeLibs="false"
18        android:icon="@mipmap/ic_launcher_round"
18-->src/main/AndroidManifest.xml:8:9-49
19        android:label="@string/app_name"
19-->src/main/AndroidManifest.xml:9:9-41
20        android:supportsRtl="true"
20-->src/main/AndroidManifest.xml:10:9-35
21        android:theme="@style/AppTheme"
21-->src/main/AndroidManifest.xml:11:9-40
22        android:windowSoftInputMode="stateAlwaysHidden|adjustResize" >
22-->src/main/AndroidManifest.xml:12:9-69
23        <service
23-->src/main/AndroidManifest.xml:14:9-24:19
24            android:name="com.gazlaws.codeboard.CodeBoardIME"
24-->src/main/AndroidManifest.xml:15:13-41
25            android:label="@string/codeboard_ime"
25-->src/main/AndroidManifest.xml:16:13-50
26            android:permission="android.permission.BIND_INPUT_METHOD" >
26-->src/main/AndroidManifest.xml:17:13-70
27            <meta-data
27-->src/main/AndroidManifest.xml:18:13-20:50
28                android:name="android.view.im"
28-->src/main/AndroidManifest.xml:19:17-47
29                android:resource="@xml/method" />
29-->src/main/AndroidManifest.xml:20:17-47
30
31            <intent-filter>
31-->src/main/AndroidManifest.xml:21:13-23:29
32                <action android:name="android.view.InputMethod" />
32-->src/main/AndroidManifest.xml:22:17-67
32-->src/main/AndroidManifest.xml:22:25-64
33            </intent-filter>
34        </service>
35
36        <activity
36-->src/main/AndroidManifest.xml:27:9-35:20
37            android:name="com.gazlaws.codeboard.MainActivity"
37-->src/main/AndroidManifest.xml:27:19-68
38            android:label="@string/app_name"
38-->src/main/AndroidManifest.xml:28:13-45
39            android:launchMode="singleTask" >
39-->src/main/AndroidManifest.xml:29:13-44
40            <intent-filter>
40-->src/main/AndroidManifest.xml:31:13-34:29
41                <action android:name="android.intent.action.MAIN" />
41-->src/main/AndroidManifest.xml:32:17-69
41-->src/main/AndroidManifest.xml:32:25-66
42
43                <category android:name="android.intent.category.LAUNCHER" />
43-->src/main/AndroidManifest.xml:33:17-77
43-->src/main/AndroidManifest.xml:33:27-74
44            </intent-filter>
45        </activity>
46        <activity
46-->src/main/AndroidManifest.xml:37:9-38:49
47            android:name="com.gazlaws.codeboard.IntroActivity"
47-->src/main/AndroidManifest.xml:37:19-48
48            android:label="@string/app_intro" />
48-->src/main/AndroidManifest.xml:38:13-46
49
50        <uses-library
50-->src/main/AndroidManifest.xml:41:9-42:40
51            android:name="android.test.runner"
51-->src/main/AndroidManifest.xml:41:23-57
52            android:required="false" />
52-->src/main/AndroidManifest.xml:42:13-37
53    </application>
54
55</manifest>